<?xml version="1.0" encoding="UTF-8"?>
<testsuite xmlns:xsi="http://www.w3.org/2001/XMLSchema-instance" xsi:noNamespaceSchemaLocation="https://maven.apache.org/surefire/maven-surefire-plugin/xsd/surefire-test-report-3.0.xsd" version="3.0" name="com.coding.sep29.Sep29ApplicationTests" time="1.394" tests="1" errors="0" skipped="0" failures="0">
  <properties>
    <property name="java.specification.version" value="20"/>
    <property name="sun.jnu.encoding" value="UTF-8"/>
    <property name="java.class.path" value="/Users/naveenvivek/IdeaProjects/29Sep/codingsession/29sepcoding/target/test-classes:/Users/naveenvivek/IdeaProjects/29Sep/codingsession/29sepcoding/target/classes:/Users/naveenvivek/.m2/repository/org/springframework/boot/spring-boot-starter-actuator/3.2.0-M3/spring-boot-starter-actuator-3.2.0-M3.jar:/Users/naveenvivek/.m2/repository/org/springframework/boot/spring-boot-starter/3.2.0-M3/spring-boot-starter-3.2.0-M3.jar:/Users/naveenvivek/.m2/repository/org/springframework/boot/spring-boot-starter-logging/3.2.0-M3/spring-boot-starter-logging-3.2.0-M3.jar:/Users/naveenvivek/.m2/repository/ch/qos/logback/logback-classic/1.4.11/logback-classic-1.4.11.jar:/Users/naveenvivek/.m2/repository/ch/qos/logback/logback-core/1.4.11/logback-core-1.4.11.jar:/Users/naveenvivek/.m2/repository/org/apache/logging/log4j/log4j-to-slf4j/2.20.0/log4j-to-slf4j-2.20.0.jar:/Users/naveenvivek/.m2/repository/org/apache/logging/log4j/log4j-api/2.20.0/log4j-api-2.20.0.jar:/Users/naveenvivek/.m2/repository/org/slf4j/jul-to-slf4j/2.0.9/jul-to-slf4j-2.0.9.jar:/Users/naveenvivek/.m2/repository/jakarta/annotation/jakarta.annotation-api/2.1.1/jakarta.annotation-api-2.1.1.jar:/Users/naveenvivek/.m2/repository/org/yaml/snakeyaml/2.2/snakeyaml-2.2.jar:/Users/naveenvivek/.m2/repository/org/springframework/boot/spring-boot-actuator-autoconfigure/3.2.0-M3/spring-boot-actuator-autoconfigure-3.2.0-M3.jar:/Users/naveenvivek/.m2/repository/org/springframework/boot/spring-boot-actuator/3.2.0-M3/spring-boot-actuator-3.2.0-M3.jar:/Users/naveenvivek/.m2/repository/com/fasterxml/jackson/core/jackson-databind/2.15.2/jackson-databind-2.15.2.jar:/Users/naveenvivek/.m2/repository/com/fasterxml/jackson/core/jackson-annotations/2.15.2/jackson-annotations-2.15.2.jar:/Users/naveenvivek/.m2/repository/com/fasterxml/jackson/core/jackson-core/2.15.2/jackson-core-2.15.2.jar:/Users/naveenvivek/.m2/repository/com/fasterxml/jackson/datatype/jackson-datatype-jsr310/2.15.2/jackson-datatype-jsr310-2.15.2.jar:/Users/naveenvivek/.m2/repository/io/micrometer/micrometer-observation/1.12.0-M3/micrometer-observation-1.12.0-M3.jar:/Users/naveenvivek/.m2/repository/io/micrometer/micrometer-commons/1.12.0-M3/micrometer-commons-1.12.0-M3.jar:/Users/naveenvivek/.m2/repository/io/micrometer/micrometer-core/1.12.0-M3/micrometer-core-1.12.0-M3.jar:/Users/naveenvivek/.m2/repository/org/hdrhistogram/HdrHistogram/2.1.12/HdrHistogram-2.1.12.jar:/Users/naveenvivek/.m2/repository/org/latencyutils/LatencyUtils/2.0.3/LatencyUtils-2.0.3.jar:/Users/naveenvivek/.m2/repository/org/springframework/boot/spring-boot-starter-web/3.2.0-M3/spring-boot-starter-web-3.2.0-M3.jar:/Users/naveenvivek/.m2/repository/org/springframework/boot/spring-boot-starter-json/3.2.0-M3/spring-boot-starter-json-3.2.0-M3.jar:/Users/naveenvivek/.m2/repository/com/fasterxml/jackson/datatype/jackson-datatype-jdk8/2.15.2/jackson-datatype-jdk8-2.15.2.jar:/Users/naveenvivek/.m2/repository/com/fasterxml/jackson/module/jackson-module-parameter-names/2.15.2/jackson-module-parameter-names-2.15.2.jar:/Users/naveenvivek/.m2/repository/org/springframework/boot/spring-boot-starter-tomcat/3.2.0-M3/spring-boot-starter-tomcat-3.2.0-M3.jar:/Users/naveenvivek/.m2/repository/org/apache/tomcat/embed/tomcat-embed-core/10.1.13/tomcat-embed-core-10.1.13.jar:/Users/naveenvivek/.m2/repository/org/apache/tomcat/embed/tomcat-embed-el/10.1.13/tomcat-embed-el-10.1.13.jar:/Users/naveenvivek/.m2/repository/org/apache/tomcat/embed/tomcat-embed-websocket/10.1.13/tomcat-embed-websocket-10.1.13.jar:/Users/naveenvivek/.m2/repository/org/springframework/spring-web/6.1.0-M5/spring-web-6.1.0-M5.jar:/Users/naveenvivek/.m2/repository/org/springframework/spring-beans/6.1.0-M5/spring-beans-6.1.0-M5.jar:/Users/naveenvivek/.m2/repository/org/springframework/spring-webmvc/6.1.0-M5/spring-webmvc-6.1.0-M5.jar:/Users/naveenvivek/.m2/repository/org/springframework/spring-aop/6.1.0-M5/spring-aop-6.1.0-M5.jar:/Users/naveenvivek/.m2/repository/org/springframework/spring-context/6.1.0-M5/spring-context-6.1.0-M5.jar:/Users/naveenvivek/.m2/repository/org/springframework/spring-expression/6.1.0-M5/spring-expression-6.1.0-M5.jar:/Users/naveenvivek/.m2/repository/org/springframework/boot/spring-boot-devtools/3.2.0-M3/spring-boot-devtools-3.2.0-M3.jar:/Users/naveenvivek/.m2/repository/org/springframework/boot/spring-boot/3.2.0-M3/spring-boot-3.2.0-M3.jar:/Users/naveenvivek/.m2/repository/org/springframework/boot/spring-boot-autoconfigure/3.2.0-M3/spring-boot-autoconfigure-3.2.0-M3.jar:/Users/naveenvivek/.m2/repository/org/projectlombok/lombok/1.18.30/lombok-1.18.30.jar:/Users/naveenvivek/.m2/repository/org/springframework/boot/spring-boot-starter-test/3.2.0-M3/spring-boot-starter-test-3.2.0-M3.jar:/Users/naveenvivek/.m2/repository/org/springframework/boot/spring-boot-test/3.2.0-M3/spring-boot-test-3.2.0-M3.jar:/Users/naveenvivek/.m2/repository/org/springframework/boot/spring-boot-test-autoconfigure/3.2.0-M3/spring-boot-test-autoconfigure-3.2.0-M3.jar:/Users/naveenvivek/.m2/repository/com/jayway/jsonpath/json-path/2.8.0/json-path-2.8.0.jar:/Users/naveenvivek/.m2/repository/org/slf4j/slf4j-api/2.0.9/slf4j-api-2.0.9.jar:/Users/naveenvivek/.m2/repository/jakarta/xml/bind/jakarta.xml.bind-api/4.0.1/jakarta.xml.bind-api-4.0.1.jar:/Users/naveenvivek/.m2/repository/jakarta/activation/jakarta.activation-api/2.1.2/jakarta.activation-api-2.1.2.jar:/Users/naveenvivek/.m2/repository/net/minidev/json-smart/2.5.0/json-smart-2.5.0.jar:/Users/naveenvivek/.m2/repository/net/minidev/accessors-smart/2.5.0/accessors-smart-2.5.0.jar:/Users/naveenvivek/.m2/repository/org/ow2/asm/asm/9.3/asm-9.3.jar:/Users/naveenvivek/.m2/repository/org/assertj/assertj-core/3.24.2/assertj-core-3.24.2.jar:/Users/naveenvivek/.m2/repository/net/bytebuddy/byte-buddy/1.14.8/byte-buddy-1.14.8.jar:/Users/naveenvivek/.m2/repository/org/hamcrest/hamcrest/2.2/hamcrest-2.2.jar:/Users/naveenvivek/.m2/repository/org/junit/jupiter/junit-jupiter/5.10.0/junit-jupiter-5.10.0.jar:/Users/naveenvivek/.m2/repository/org/junit/jupiter/junit-jupiter-api/5.10.0/junit-jupiter-api-5.10.0.jar:/Users/naveenvivek/.m2/repository/org/opentest4j/opentest4j/1.3.0/opentest4j-1.3.0.jar:/Users/naveenvivek/.m2/repository/org/junit/platform/junit-platform-commons/1.10.0/junit-platform-commons-1.10.0.jar:/Users/naveenvivek/.m2/repository/org/apiguardian/apiguardian-api/1.1.2/apiguardian-api-1.1.2.jar:/Users/naveenvivek/.m2/repository/org/junit/jupiter/junit-jupiter-params/5.10.0/junit-jupiter-params-5.10.0.jar:/Users/naveenvivek/.m2/repository/org/junit/jupiter/junit-jupiter-engine/5.10.0/junit-jupiter-engine-5.10.0.jar:/Users/naveenvivek/.m2/repository/org/junit/platform/junit-platform-engine/1.10.0/junit-platform-engine-1.10.0.jar:/Users/naveenvivek/.m2/repository/org/mockito/mockito-core/5.5.0/mockito-core-5.5.0.jar:/Users/naveenvivek/.m2/repository/net/bytebuddy/byte-buddy-agent/1.14.8/byte-buddy-agent-1.14.8.jar:/Users/naveenvivek/.m2/repository/org/objenesis/objenesis/3.3/objenesis-3.3.jar:/Users/naveenvivek/.m2/repository/org/mockito/mockito-junit-jupiter/5.5.0/mockito-junit-jupiter-5.5.0.jar:/Users/naveenvivek/.m2/repository/org/skyscreamer/jsonassert/1.5.1/jsonassert-1.5.1.jar:/Users/naveenvivek/.m2/repository/com/vaadin/external/google/android-json/0.0.20131108.vaadin1/android-json-0.0.20131108.vaadin1.jar:/Users/naveenvivek/.m2/repository/org/springframework/spring-core/6.1.0-M5/spring-core-6.1.0-M5.jar:/Users/naveenvivek/.m2/repository/org/springframework/spring-jcl/6.1.0-M5/spring-jcl-6.1.0-M5.jar:/Users/naveenvivek/.m2/repository/org/springframework/spring-test/6.1.0-M5/spring-test-6.1.0-M5.jar:/Users/naveenvivek/.m2/repository/org/xmlunit/xmlunit-core/2.9.1/xmlunit-core-2.9.1.jar:"/>
    <property name="java.vm.vendor" value="Oracle Corporation"/>
    <property name="sun.arch.data.model" value="64"/>
    <property name="java.vendor.url" value="https://java.oracle.com/"/>
    <property name="user.timezone" value="Asia/Singapore"/>
    <property name="os.name" value="Mac OS X"/>
    <property name="java.vm.specification.version" value="20"/>
    <property name="sun.java.launcher" value="SUN_STANDARD"/>
    <property name="user.country" value="SG"/>
    <property name="sun.boot.library.path" value="/Library/Java/JavaVirtualMachines/jdk-20.jdk/Contents/Home/lib"/>
    <property name="sun.java.command" value="/Users/naveenvivek/IdeaProjects/29Sep/codingsession/29sepcoding/target/surefire/surefirebooter-20230929133828629_3.jar /Users/naveenvivek/IdeaProjects/29Sep/codingsession/29sepcoding/target/surefire 2023-09-29T13-38-28_585-jvmRun1 surefire-20230929133828629_1tmp surefire_0-20230929133828629_2tmp"/>
    <property name="http.nonProxyHosts" value="local|*.local|169.254/16|*.169.254/16"/>
    <property name="jdk.debug" value="release"/>
    <property name="surefire.test.class.path" value="/Users/naveenvivek/IdeaProjects/29Sep/codingsession/29sepcoding/target/test-classes:/Users/naveenvivek/IdeaProjects/29Sep/codingsession/29sepcoding/target/classes:/Users/naveenvivek/.m2/repository/org/springframework/boot/spring-boot-starter-actuator/3.2.0-M3/spring-boot-starter-actuator-3.2.0-M3.jar:/Users/naveenvivek/.m2/repository/org/springframework/boot/spring-boot-starter/3.2.0-M3/spring-boot-starter-3.2.0-M3.jar:/Users/naveenvivek/.m2/repository/org/springframework/boot/spring-boot-starter-logging/3.2.0-M3/spring-boot-starter-logging-3.2.0-M3.jar:/Users/naveenvivek/.m2/repository/ch/qos/logback/logback-classic/1.4.11/logback-classic-1.4.11.jar:/Users/naveenvivek/.m2/repository/ch/qos/logback/logback-core/1.4.11/logback-core-1.4.11.jar:/Users/naveenvivek/.m2/repository/org/apache/logging/log4j/log4j-to-slf4j/2.20.0/log4j-to-slf4j-2.20.0.jar:/Users/naveenvivek/.m2/repository/org/apache/logging/log4j/log4j-api/2.20.0/log4j-api-2.20.0.jar:/Users/naveenvivek/.m2/repository/org/slf4j/jul-to-slf4j/2.0.9/jul-to-slf4j-2.0.9.jar:/Users/naveenvivek/.m2/repository/jakarta/annotation/jakarta.annotation-api/2.1.1/jakarta.annotation-api-2.1.1.jar:/Users/naveenvivek/.m2/repository/org/yaml/snakeyaml/2.2/snakeyaml-2.2.jar:/Users/naveenvivek/.m2/repository/org/springframework/boot/spring-boot-actuator-autoconfigure/3.2.0-M3/spring-boot-actuator-autoconfigure-3.2.0-M3.jar:/Users/naveenvivek/.m2/repository/org/springframework/boot/spring-boot-actuator/3.2.0-M3/spring-boot-actuator-3.2.0-M3.jar:/Users/naveenvivek/.m2/repository/com/fasterxml/jackson/core/jackson-databind/2.15.2/jackson-databind-2.15.2.jar:/Users/naveenvivek/.m2/repository/com/fasterxml/jackson/core/jackson-annotations/2.15.2/jackson-annotations-2.15.2.jar:/Users/naveenvivek/.m2/repository/com/fasterxml/jackson/core/jackson-core/2.15.2/jackson-core-2.15.2.jar:/Users/naveenvivek/.m2/repository/com/fasterxml/jackson/datatype/jackson-datatype-jsr310/2.15.2/jackson-datatype-jsr310-2.15.2.jar:/Users/naveenvivek/.m2/repository/io/micrometer/micrometer-observation/1.12.0-M3/micrometer-observation-1.12.0-M3.jar:/Users/naveenvivek/.m2/repository/io/micrometer/micrometer-commons/1.12.0-M3/micrometer-commons-1.12.0-M3.jar:/Users/naveenvivek/.m2/repository/io/micrometer/micrometer-core/1.12.0-M3/micrometer-core-1.12.0-M3.jar:/Users/naveenvivek/.m2/repository/org/hdrhistogram/HdrHistogram/2.1.12/HdrHistogram-2.1.12.jar:/Users/naveenvivek/.m2/repository/org/latencyutils/LatencyUtils/2.0.3/LatencyUtils-2.0.3.jar:/Users/naveenvivek/.m2/repository/org/springframework/boot/spring-boot-starter-web/3.2.0-M3/spring-boot-starter-web-3.2.0-M3.jar:/Users/naveenvivek/.m2/repository/org/springframework/boot/spring-boot-starter-json/3.2.0-M3/spring-boot-starter-json-3.2.0-M3.jar:/Users/naveenvivek/.m2/repository/com/fasterxml/jackson/datatype/jackson-datatype-jdk8/2.15.2/jackson-datatype-jdk8-2.15.2.jar:/Users/naveenvivek/.m2/repository/com/fasterxml/jackson/module/jackson-module-parameter-names/2.15.2/jackson-module-parameter-names-2.15.2.jar:/Users/naveenvivek/.m2/repository/org/springframework/boot/spring-boot-starter-tomcat/3.2.0-M3/spring-boot-starter-tomcat-3.2.0-M3.jar:/Users/naveenvivek/.m2/repository/org/apache/tomcat/embed/tomcat-embed-core/10.1.13/tomcat-embed-core-10.1.13.jar:/Users/naveenvivek/.m2/repository/org/apache/tomcat/embed/tomcat-embed-el/10.1.13/tomcat-embed-el-10.1.13.jar:/Users/naveenvivek/.m2/repository/org/apache/tomcat/embed/tomcat-embed-websocket/10.1.13/tomcat-embed-websocket-10.1.13.jar:/Users/naveenvivek/.m2/repository/org/springframework/spring-web/6.1.0-M5/spring-web-6.1.0-M5.jar:/Users/naveenvivek/.m2/repository/org/springframework/spring-beans/6.1.0-M5/spring-beans-6.1.0-M5.jar:/Users/naveenvivek/.m2/repository/org/springframework/spring-webmvc/6.1.0-M5/spring-webmvc-6.1.0-M5.jar:/Users/naveenvivek/.m2/repository/org/springframework/spring-aop/6.1.0-M5/spring-aop-6.1.0-M5.jar:/Users/naveenvivek/.m2/repository/org/springframework/spring-context/6.1.0-M5/spring-context-6.1.0-M5.jar:/Users/naveenvivek/.m2/repository/org/springframework/spring-expression/6.1.0-M5/spring-expression-6.1.0-M5.jar:/Users/naveenvivek/.m2/repository/org/springframework/boot/spring-boot-devtools/3.2.0-M3/spring-boot-devtools-3.2.0-M3.jar:/Users/naveenvivek/.m2/repository/org/springframework/boot/spring-boot/3.2.0-M3/spring-boot-3.2.0-M3.jar:/Users/naveenvivek/.m2/repository/org/springframework/boot/spring-boot-autoconfigure/3.2.0-M3/spring-boot-autoconfigure-3.2.0-M3.jar:/Users/naveenvivek/.m2/repository/org/projectlombok/lombok/1.18.30/lombok-1.18.30.jar:/Users/naveenvivek/.m2/repository/org/springframework/boot/spring-boot-starter-test/3.2.0-M3/spring-boot-starter-test-3.2.0-M3.jar:/Users/naveenvivek/.m2/repository/org/springframework/boot/spring-boot-test/3.2.0-M3/spring-boot-test-3.2.0-M3.jar:/Users/naveenvivek/.m2/repository/org/springframework/boot/spring-boot-test-autoconfigure/3.2.0-M3/spring-boot-test-autoconfigure-3.2.0-M3.jar:/Users/naveenvivek/.m2/repository/com/jayway/jsonpath/json-path/2.8.0/json-path-2.8.0.jar:/Users/naveenvivek/.m2/repository/org/slf4j/slf4j-api/2.0.9/slf4j-api-2.0.9.jar:/Users/naveenvivek/.m2/repository/jakarta/xml/bind/jakarta.xml.bind-api/4.0.1/jakarta.xml.bind-api-4.0.1.jar:/Users/naveenvivek/.m2/repository/jakarta/activation/jakarta.activation-api/2.1.2/jakarta.activation-api-2.1.2.jar:/Users/naveenvivek/.m2/repository/net/minidev/json-smart/2.5.0/json-smart-2.5.0.jar:/Users/naveenvivek/.m2/repository/net/minidev/accessors-smart/2.5.0/accessors-smart-2.5.0.jar:/Users/naveenvivek/.m2/repository/org/ow2/asm/asm/9.3/asm-9.3.jar:/Users/naveenvivek/.m2/repository/org/assertj/assertj-core/3.24.2/assertj-core-3.24.2.jar:/Users/naveenvivek/.m2/repository/net/bytebuddy/byte-buddy/1.14.8/byte-buddy-1.14.8.jar:/Users/naveenvivek/.m2/repository/org/hamcrest/hamcrest/2.2/hamcrest-2.2.jar:/Users/naveenvivek/.m2/repository/org/junit/jupiter/junit-jupiter/5.10.0/junit-jupiter-5.10.0.jar:/Users/naveenvivek/.m2/repository/org/junit/jupiter/junit-jupiter-api/5.10.0/junit-jupiter-api-5.10.0.jar:/Users/naveenvivek/.m2/repository/org/opentest4j/opentest4j/1.3.0/opentest4j-1.3.0.jar:/Users/naveenvivek/.m2/repository/org/junit/platform/junit-platform-commons/1.10.0/junit-platform-commons-1.10.0.jar:/Users/naveenvivek/.m2/repository/org/apiguardian/apiguardian-api/1.1.2/apiguardian-api-1.1.2.jar:/Users/naveenvivek/.m2/repository/org/junit/jupiter/junit-jupiter-params/5.10.0/junit-jupiter-params-5.10.0.jar:/Users/naveenvivek/.m2/repository/org/junit/jupiter/junit-jupiter-engine/5.10.0/junit-jupiter-engine-5.10.0.jar:/Users/naveenvivek/.m2/repository/org/junit/platform/junit-platform-engine/1.10.0/junit-platform-engine-1.10.0.jar:/Users/naveenvivek/.m2/repository/org/mockito/mockito-core/5.5.0/mockito-core-5.5.0.jar:/Users/naveenvivek/.m2/repository/net/bytebuddy/byte-buddy-agent/1.14.8/byte-buddy-agent-1.14.8.jar:/Users/naveenvivek/.m2/repository/org/objenesis/objenesis/3.3/objenesis-3.3.jar:/Users/naveenvivek/.m2/repository/org/mockito/mockito-junit-jupiter/5.5.0/mockito-junit-jupiter-5.5.0.jar:/Users/naveenvivek/.m2/repository/org/skyscreamer/jsonassert/1.5.1/jsonassert-1.5.1.jar:/Users/naveenvivek/.m2/repository/com/vaadin/external/google/android-json/0.0.20131108.vaadin1/android-json-0.0.20131108.vaadin1.jar:/Users/naveenvivek/.m2/repository/org/springframework/spring-core/6.1.0-M5/spring-core-6.1.0-M5.jar:/Users/naveenvivek/.m2/repository/org/springframework/spring-jcl/6.1.0-M5/spring-jcl-6.1.0-M5.jar:/Users/naveenvivek/.m2/repository/org/springframework/spring-test/6.1.0-M5/spring-test-6.1.0-M5.jar:/Users/naveenvivek/.m2/repository/org/xmlunit/xmlunit-core/2.9.1/xmlunit-core-2.9.1.jar:"/>
    <property name="sun.cpu.endian" value="little"/>
    <property name="user.home" value="/Users/naveenvivek"/>
    <property name="user.language" value="en"/>
    <property name="java.specification.vendor" value="Oracle Corporation"/>
    <property name="java.version.date" value="2023-04-18"/>
    <property name="java.home" value="/Library/Java/JavaVirtualMachines/jdk-20.jdk/Contents/Home"/>
    <property name="file.separator" value="/"/>
    <property name="basedir" value="/Users/naveenvivek/IdeaProjects/29Sep/codingsession/29sepcoding"/>
    <property name="java.vm.compressedOopsMode" value="Zero based"/>
    <property name="line.separator" value="&#10;"/>
    <property name="java.vm.specification.vendor" value="Oracle Corporation"/>
    <property name="java.specification.name" value="Java Platform API Specification"/>
    <property name="FILE_LOG_CHARSET" value="UTF-8"/>
    <property name="java.awt.headless" value="true"/>
    <property name="apple.awt.application.name" value="ForkedBooter"/>
    <property name="surefire.real.class.path" value="/Users/naveenvivek/IdeaProjects/29Sep/codingsession/29sepcoding/target/surefire/surefirebooter-20230929133828629_3.jar"/>
    <property name="sun.management.compiler" value="HotSpot 64-Bit Tiered Compilers"/>
    <property name="ftp.nonProxyHosts" value="local|*.local|169.254/16|*.169.254/16"/>
    <property name="java.runtime.version" value="20.0.1+9-29"/>
    <property name="user.name" value="naveenvivek"/>
    <property name="stdout.encoding" value="US-ASCII"/>
    <property name="path.separator" value=":"/>
    <property name="os.version" value="14.0"/>
    <property name="java.runtime.name" value="Java(TM) SE Runtime Environment"/>
    <property name="file.encoding" value="UTF-8"/>
    <property name="java.vm.name" value="Java HotSpot(TM) 64-Bit Server VM"/>
    <property name="localRepository" value="/Users/naveenvivek/.m2/repository"/>
    <property name="java.vendor.url.bug" value="https://bugreport.java.com/bugreport/"/>
    <property name="java.io.tmpdir" value="/var/folders/cm/f19qw3n903v9x8y08jb0gg1m0000gn/T/"/>
    <property name="idea.version" value="2023.2.2"/>
    <property name="java.version" value="20.0.1"/>
    <property name="user.dir" value="/Users/naveenvivek/IdeaProjects/29Sep/codingsession/29sepcoding"/>
    <property name="os.arch" value="aarch64"/>
    <property name="java.vm.specification.name" value="Java Virtual Machine Specification"/>
    <property name="PID" value="15401"/>
    <property name="CONSOLE_LOG_CHARSET" value="UTF-8"/>
    <property name="native.encoding" value="US-ASCII"/>
    <property name="java.library.path" value="/Users/naveenvivek/Library/Java/Extensions:/Library/Java/Extensions:/Network/Library/Java/Extensions:/System/Library/Java/Extensions:/usr/lib/java:."/>
    <property name="java.vm.info" value="mixed mode, sharing"/>
    <property name="stderr.encoding" value="US-ASCII"/>
    <property name="java.vendor" value="Oracle Corporation"/>
    <property name="java.vm.version" value="20.0.1+9-29"/>
    <property name="sun.io.unicode.encoding" value="UnicodeBig"/>
    <property name="socksNonProxyHosts" value="local|*.local|169.254/16|*.169.254/16"/>
    <property name="java.class.version" value="64.0"/>
  </properties>
  <testcase name="contextLoads" classname="com.coding.sep29.Sep29ApplicationTests" time="0.417">
    <system-out><![CDATA[13:38:29.009 [main] INFO org.springframework.test.context.support.AnnotationConfigContextLoaderUtils -- Could not detect default configuration classes for test class [com.coding.sep29.Sep29ApplicationTests]: Sep29ApplicationTests does not declare any static, non-private, non-final, nested classes annotated with @Configuration.
13:38:29.059 [main] INFO org.springframework.boot.test.context.SpringBootTestContextBootstrapper -- Found @SpringBootConfiguration com.coding.sep29.Sep29Application for test class com.coding.sep29.Sep29ApplicationTests

  .   ____          _            __ _ _
 /\\ / ___'_ __ _ _(_)_ __  __ _ \ \ \ \
( ( )\___ | '_ | '_| | '_ \/ _` | \ \ \ \
 \\/  ___)| |_)| | | | | || (_| |  ) ) ) )
  '  |____| .__|_| |_|_| |_\__, | / / / /
 =========|_|==============|___/=/_/_/_/
 :: Spring Boot ::             (v3.2.0-M3)

2023-09-29T13:38:29.220+08:00  INFO 15401 --- [           main] com.coding.sep29.Sep29ApplicationTests   : Starting Sep29ApplicationTests using Java 20.0.1 with PID 15401 (started by naveenvivek in /Users/naveenvivek/IdeaProjects/29Sep/codingsession/29sepcoding)
2023-09-29T13:38:29.220+08:00  INFO 15401 --- [           main] com.coding.sep29.Sep29ApplicationTests   : No active profile set, falling back to 1 default profile: "default"
2023-09-29T13:38:29.826+08:00  INFO 15401 --- [           main] o.s.b.a.e.web.EndpointLinksResolver      : Exposing 1 endpoint(s) beneath base path '/actuator'
2023-09-29T13:38:29.858+08:00  INFO 15401 --- [           main] com.coding.sep29.Sep29ApplicationTests   : Started Sep29ApplicationTests in 0.742 seconds (process running for 1.143)
]]></system-out>
  </testcase>
</testsuite>